2024-09-17T00:41:08.359Z error: Error creating product: E11000 duplicate key error collection: dev.products index: name_1 dup key: { name: "Toe Arkar2233yu" }
2024-09-17T19:14:20.521Z info: Email sent: 
2024-09-17T19:18:16.021Z info: Email sent: 
2024-09-17T19:20:19.366Z info: Email sent: 
2024-09-18T18:12:56.982Z info: Email sent: 
2024-09-25T01:04:15.328Z info: Email sent: 
2024-09-25T01:13:55.042Z info: Email sent: 
2024-09-25T01:15:17.825Z info: Email sent: 
2024-09-25T01:47:02.294Z info: Email sent: 
2024-09-25T01:47:06.771Z info: Email sent: 
2024-09-25T01:47:42.161Z info: Email sent: 
2024-09-25T01:48:05.364Z info: Email sent: 
2024-09-25T01:49:19.251Z info: Email sent: 
2024-09-29T15:03:18.118Z info: Email sent: 
2024-09-29T15:07:59.144Z info: Email sent: 
2024-09-29T15:13:13.532Z info: Email sent: 
2024-09-29T17:26:42.070Z info: Email sent: 
2024-09-29T17:30:42.876Z info: Email sent: 
2024-10-02T01:53:17.898Z info: Email sent: 
2024-10-16T19:34:53.317Z error: Operation `users.findOne()` buffering timed out after 10000ms
2024-10-16T19:36:16.298Z error: Operation `users.findOne()` buffering timed out after 10000ms
2024-10-16T19:39:07.810Z info: Email sent: 
2024-10-16T19:41:22.140Z info: Email sent: 
2024-10-25T15:45:00.262Z info: Email sent: 
2024-10-25T15:58:00.685Z info: Email sent: 
2024-10-25T16:02:37.671Z info: Email sent: 
2024-10-25T16:10:04.172Z info: Email sent: 
2024-10-25T16:10:34.001Z info: Email sent: 
2024-10-25T16:21:05.739Z info: Email sent: 
2024-10-25T16:23:47.748Z info: Email sent: 
2024-10-25T17:48:19.662Z info: Email sent: 
2024-10-25T17:57:42.404Z info: Email sent: 
2024-10-25T17:57:42.848Z info: Email sent: 
2024-10-25T17:57:42.850Z info: Email sent: 
2024-10-25T17:58:12.891Z info: Email sent: 
2024-10-25T17:58:30.335Z info: Email sent: 
2024-10-25T17:59:40.091Z info: Email sent: 
2024-10-25T17:59:44.067Z info: Email sent: 
2024-10-25T17:59:46.087Z info: Email sent: 
2024-10-25T17:59:49.087Z info: Email sent: 
2024-10-25T17:59:51.071Z info: Email sent: 
2024-10-25T18:00:29.275Z info: Email sent: 
2024-10-25T18:00:31.914Z info: Email sent: 
2024-10-25T18:01:03.898Z info: Email sent: 
2024-10-25T18:01:06.481Z info: Email sent: 
2024-10-25T18:01:09.326Z info: Email sent: 
2024-10-25T18:02:13.088Z info: Email sent: 
2024-10-25T18:02:15.109Z info: Email sent: 
2024-10-25T18:02:18.072Z info: Email sent: 
2024-10-25T18:02:20.825Z info: Email sent: 
2024-10-25T18:02:23.796Z info: Email sent: 
2024-10-25T18:02:40.027Z info: Cached OTP: 512147, Secret: EF7BY6T3DFWTACJX, Provided Token: 541988 for id: TOEARKAR@PROTONMAIL.COM
2024-10-25T18:02:40.027Z error: Provided token does not match cached OTP for id: TOEARKAR@PROTONMAIL.COM
2024-10-25T18:02:40.027Z error: Error during OTP verification for id: TOEARKAR@PROTONMAIL.COM - Invalid OTP
2024-10-25T18:03:13.251Z info: Cached OTP: 512147, Secret: EF7BY6T3DFWTACJX, Provided Token: 512147 for id: TOEARKAR@PROTONMAIL.COM
2024-10-25T18:04:06.451Z info: Email sent: 
2024-10-25T18:04:06.876Z info: Email sent: 
2024-10-25T18:04:06.886Z info: Email sent: 
2024-10-25T18:04:28.387Z info: Cached OTP: 823336, Secret: PFHUAVQAARDCOSYB, Provided Token: 512147 for id: TOEARKAR@PROTONMAIL.COM
2024-10-25T18:04:28.388Z error: Provided token does not match cached OTP for id: TOEARKAR@PROTONMAIL.COM
2024-10-25T18:04:28.388Z error: Error during OTP verification for id: TOEARKAR@PROTONMAIL.COM - Invalid OTP
2024-10-25T18:09:28.900Z error: User validation failed: companyName: Path `companyName` (`WE CARE`) is shorter than the minimum allowed length (8).
2024-10-25T18:09:35.886Z info: Email sent: 
2024-10-25T18:09:36.310Z info: Email sent: 
2024-10-25T18:09:36.317Z info: Email sent: 
2024-10-25T18:10:00.383Z info: Cached OTP: 261285, Secret: MQJEATSLBAQDE2DJ, Provided Token: 261285 for id: TOEARKAR@PROTONMAIL.COM
2024-10-25T18:15:32.067Z info: Email sent: 
2024-10-25T18:15:32.494Z info: Email sent: 
2024-10-25T18:15:32.518Z info: Email sent: 
2024-10-25T18:18:27.944Z error: User validation failed: companyName: Path `companyName` (`WE CARE`) is shorter than the minimum allowed length (8).
2024-10-25T18:18:34.555Z info: Email sent: 
2024-10-25T18:18:56.742Z info: Email sent: 
2024-10-25T18:19:18.523Z info: Cached OTP: 526648, Secret: KFSS4GQZAQOGOSDY, Provided Token: 526648 for id: TOEARKAR@PROTONMAIL.COM
2024-10-25T18:23:25.610Z info: Email sent: 
2024-10-25T18:24:02.103Z info: Cached OTP: 903710, Secret: JANS6IDYENCCWEKM, Provided Token: 903710 for id: TOEARKAR@PROTONMAIL.COM
2024-10-27T01:34:47.207Z error: OTP not found or expired for id: TOEARKAR@PROTONMAIL.COM
2024-10-27T01:34:47.209Z error: Error during OTP verification for id: TOEARKAR@PROTONMAIL.COM - OTP not found or expired.
2024-10-27T01:37:22.185Z error: OTP not found or expired for id: TOEARKAR@PROTONMAIL.COM
2024-10-27T01:37:22.186Z error: Error during OTP verification for id: TOEARKAR@PROTONMAIL.COM - OTP not found or expired.
2024-10-27T01:38:08.063Z error: OTP not found or expired for id: TOEARKAR@PROTONMAIL.COM
2024-10-27T01:38:08.064Z error: Error during OTP verification for id: TOEARKAR@PROTONMAIL.COM - OTP not found or expired.
2024-10-27T01:39:22.481Z error: OTP not found or expired for id: TOEARKAR@PROTONMAIL.COM
2024-10-27T01:39:22.481Z error: Error during OTP verification for id: TOEARKAR@PROTONMAIL.COM - OTP not found or expired.
2024-10-27T01:40:02.194Z error: OTP not found or expired for id: TOEARKAR@PROTONMAIL.COM
2024-10-27T01:40:02.195Z error: Error during OTP verification for id: TOEARKAR@PROTONMAIL.COM - OTP not found or expired.
2024-10-27T01:40:03.303Z error: OTP not found or expired for id: TOEARKAR@PROTONMAIL.COM
2024-10-27T01:40:03.303Z error: Error during OTP verification for id: TOEARKAR@PROTONMAIL.COM - OTP not found or expired.
2024-10-27T01:40:03.890Z error: OTP not found or expired for id: TOEARKAR@PROTONMAIL.COM
2024-10-27T01:40:03.891Z error: Error during OTP verification for id: TOEARKAR@PROTONMAIL.COM - OTP not found or expired.
2024-10-27T01:40:59.105Z error: OTP not found or expired for id: TOEARKAR@PROTONMAIL.COM
2024-10-27T01:40:59.107Z error: Error during OTP verification for id: TOEARKAR@PROTONMAIL.COM - OTP not found or expired.
2024-10-27T01:41:00.380Z error: OTP not found or expired for id: TOEARKAR@PROTONMAIL.COM
2024-10-27T01:41:00.380Z error: Error during OTP verification for id: TOEARKAR@PROTONMAIL.COM - OTP not found or expired.
2024-10-27T01:41:01.024Z error: OTP not found or expired for id: TOEARKAR@PROTONMAIL.COM
2024-10-27T01:41:01.024Z error: Error during OTP verification for id: TOEARKAR@PROTONMAIL.COM - OTP not found or expired.
2024-10-27T01:41:01.558Z error: OTP not found or expired for id: TOEARKAR@PROTONMAIL.COM
2024-10-27T01:41:01.559Z error: Error during OTP verification for id: TOEARKAR@PROTONMAIL.COM - OTP not found or expired.
2024-10-27T01:41:02.094Z error: OTP not found or expired for id: TOEARKAR@PROTONMAIL.COM
2024-10-27T01:41:02.095Z error: Error during OTP verification for id: TOEARKAR@PROTONMAIL.COM - OTP not found or expired.
2024-10-27T01:43:38.438Z error: OTP not found or expired for id: TOEARKAR@PROTONMAIL.COM
2024-10-27T01:43:38.439Z error: Error during OTP verification for id: TOEARKAR@PROTONMAIL.COM - OTP not found or expired.
2024-10-27T01:43:38.764Z error: OTP not found or expired for id: TOEARKAR@PROTONMAIL.COM
2024-10-27T01:43:38.764Z error: Error during OTP verification for id: TOEARKAR@PROTONMAIL.COM - OTP not found or expired.
2024-10-27T01:43:39.618Z error: OTP not found or expired for id: TOEARKAR@PROTONMAIL.COM
2024-10-27T01:43:39.618Z error: Error during OTP verification for id: TOEARKAR@PROTONMAIL.COM - OTP not found or expired.
2024-10-27T01:46:55.625Z error: OTP not found or expired for id: TOEARKAR@PROTONMAIL.COM
2024-10-27T01:46:55.626Z error: Error during OTP verification for id: TOEARKAR@PROTONMAIL.COM - OTP not found or expired.
2024-10-27T01:46:56.706Z error: OTP not found or expired for id: TOEARKAR@PROTONMAIL.COM
2024-10-27T01:46:56.706Z error: Error during OTP verification for id: TOEARKAR@PROTONMAIL.COM - OTP not found or expired.
2024-10-27T01:46:57.702Z error: OTP not found or expired for id: TOEARKAR@PROTONMAIL.COM
2024-10-27T01:46:57.702Z error: Error during OTP verification for id: TOEARKAR@PROTONMAIL.COM - OTP not found or expired.
2024-10-27T01:49:11.795Z info: Email sent: 
2024-10-27T01:49:36.832Z info: Cached OTP: 364916, Secret: AIXTOGAJBNTUAG2Y, Provided Token: 076545 for id: TOEARKAR@PROTONMAIL.COM
2024-10-27T01:49:36.833Z error: Provided token does not match cached OTP for id: TOEARKAR@PROTONMAIL.COM
2024-10-27T01:49:36.833Z error: Error during OTP verification for id: TOEARKAR@PROTONMAIL.COM - Invalid OTP
2024-10-27T01:49:41.567Z info: Cached OTP: 364916, Secret: AIXTOGAJBNTUAG2Y, Provided Token: 364916 for id: TOEARKAR@PROTONMAIL.COM
2024-10-27T01:50:07.209Z error: OTP not found or expired for id: TOEARKAR@PROTONMAIL.COM
2024-10-27T01:50:07.209Z error: Error during OTP verification for id: TOEARKAR@PROTONMAIL.COM - OTP not found or expired.
2024-10-27T01:50:09.598Z error: OTP not found or expired for id: TOEARKAR@PROTONMAIL.COM
2024-10-27T01:50:09.598Z error: Error during OTP verification for id: TOEARKAR@PROTONMAIL.COM - OTP not found or expired.
2024-10-27T02:17:32.896Z info: Email sent: 
2024-10-27T02:18:05.187Z info: Email sent: 
2024-10-27T02:18:31.299Z info: Cached OTP: 125960, Secret: FBZC4332DVWWYFQR, Provided Token: 125960 for id: toearkar@protonmail.com
2024-10-27T02:18:33.992Z error: OTP not found or expired for id: toearkar@protonmail.com
2024-10-27T02:18:33.992Z error: Error during OTP verification for id: toearkar@protonmail.com - OTP not found or expired.
